INFO: [VRFC 10-163] Analyzing VHDL file "C:/Users/14bmkelley/Desktop/cpe233/counter/counter/counter.srcs/sources_1/new/programCounter.vhd" into library xil_defaultlib
INFO: [VRFC 10-307] analyzing entity programCounter
INFO: [VRFC 10-163] Analyzing VHDL file "C:/Users/14bmkelley/Desktop/cpe233/Exp7/cpu/cpu.srcs/sources_1/new/StackPointer.vhd" into library xil_defaultlib
INFO: [VRFC 10-307] analyzing entity StackPointer
INFO: [VRFC 10-163] Analyzing VHDL file "C:/Users/14bmkelley/Desktop/cpe233/memory/memory.srcs/sources_1/new/scratchPad.vhd" into library xil_defaultlib
INFO: [VRFC 10-307] analyzing entity scratchPad
INFO: [VRFC 10-163] Analyzing VHDL file "C:/Users/14bmkelley/Desktop/cpe233/memory/RegisterFile.vhd" into library xil_defaultlib
INFO: [VRFC 10-307] analyzing entity RegisterFile
INFO: [VRFC 10-163] Analyzing VHDL file "C:/Users/14bmkelley/Desktop/cpe233/Exp7/cpu/cpu.srcs/sources_1/new/prog_rom.vhd" into library xil_defaultlib
INFO: [VRFC 10-307] analyzing entity prog_rom
INFO: [VRFC 10-163] Analyzing VHDL file "C:/Users/14bmkelley/Desktop/cpe233/Exp7/cpu/cpu.srcs/sources_1/new/FlagReg.vhd" into library xil_defaultlib
INFO: [VRFC 10-307] analyzing entity FlagReg
INFO: [VRFC 10-163] Analyzing VHDL file "C:/Users/14bmkelley/Desktop/cpe233/counter/counter/counter.srcs/sources_1/new/counter.vhd" into library xil_defaultlib
INFO: [VRFC 10-307] analyzing entity counter
INFO: [VRFC 10-163] Analyzing VHDL file "C:/Users/14bmkelley/Desktop/cpe233/Exp7/cpu/cpu.srcs/sources_1/new/ControlUnit.vhd" into library xil_defaultlib
INFO: [VRFC 10-307] analyzing entity ControlUnit
INFO: [VRFC 10-163] Analyzing VHDL file "C:/Users/14bmkelley/Desktop/cpe233/ALU/ALU.srcs/sources_1/new/ALU.vhd" into library xil_defaultlib
INFO: [VRFC 10-307] analyzing entity alu
INFO: [VRFC 10-163] Analyzing VHDL file "C:/Users/14bmkelley/Desktop/cpe233/Exp7/cpu/cpu.srcs/sources_1/new/clk_div_fs.vhd" into library xil_defaultlib
INFO: [VRFC 10-307] analyzing entity clk_div_fs
INFO: [VRFC 10-163] Analyzing VHDL file "C:/Users/14bmkelley/Desktop/cpe233/Exp7/cpu/cpu.srcs/sources_1/new/RAT_CPU.vhd" into library xil_defaultlib
INFO: [VRFC 10-307] analyzing entity RAT_CPU
INFO: [VRFC 10-163] Analyzing VHDL file "C:/Users/14bmkelley/Desktop/cpe233/Exp7/cpu/cpu.srcs/sources_1/new/RAT_Wrapper.vhd" into library xil_defaultlib
INFO: [VRFC 10-307] analyzing entity RAT_wrapper
INFO: [VRFC 10-163] Analyzing VHDL file "C:/Users/14bmkelley/Desktop/cpe233/Exp7/cpu/cpu.srcs/sim_1/new/cpu_TB.vhd" into library xil_defaultlib
INFO: [VRFC 10-307] analyzing entity cpu_TB
