
*** Running vivado
    with args -log StackPointer.vds -m64 -mode batch -messageDb vivado.pb -notrace -source StackPointer.tcl


****** Vivado v2015.3 (64-bit)
  **** SW Build 1368829 on Mon Sep 28 20:06:43 MDT 2015
  **** IP Build 1367837 on Mon Sep 28 08:56:14 MDT 2015
    ** Copyright 1986-2015 Xilinx, Inc. All Rights Reserved.

source StackPointer.tcl -notrace
Command: synth_design -top StackPointer -part xc7a35tcpg236-1
Starting synth_design
Attempting to get a license for feature 'Synthesis' and/or device 'xc7a35t'
INFO: [Common 17-349] Got license for feature 'Synthesis' and/or device 'xc7a35t'
---------------------------------------------------------------------------------
Starting RTL Elaboration : Time (s): cpu = 00:00:05 ; elapsed = 00:00:05 . Memory (MB): peak = 264.543 ; gain = 93.512
---------------------------------------------------------------------------------
INFO: [Synth 8-638] synthesizing module 'StackPointer' [C:/Users/14bmkelley/Desktop/cpe233/Exp7/cpu/cpu.srcs/sources_1/new/StackPointer.vhd:17]
INFO: [Synth 8-256] done synthesizing module 'StackPointer' (1#1) [C:/Users/14bmkelley/Desktop/cpe233/Exp7/cpu/cpu.srcs/sources_1/new/StackPointer.vhd:17]
Finished RTL Elaboration : Time (s): cpu = 00:00:05 ; elapsed = 00:00:06 . Memory (MB): peak = 301.746 ; gain = 130.715
Finished RTL Optimization Phase 1 : Time (s): cpu = 00:00:05 ; elapsed = 00:00:06 . Memory (MB): peak = 301.746 ; gain = 130.715
Parsing XDC File [C:/Users/14bmkelley/Desktop/cpe233/Exp7/cpu/Basys3_Master.xdc]
WARNING: [Vivado 12-584] No ports matched 'SWITCHES[0]'. [C:/Users/14bmkelley/Desktop/cpe233/Exp7/cpu/Basys3_Master.xdc:13]
CRITICAL WARNING: [Common 17-55] 'set_property' expects at least one object. [C:/Users/14bmkelley/Desktop/cpe233/Exp7/cpu/Basys3_Master.xdc:13]
Resolution: If [get_<value>] was used to populate the object, check to make sure this command returns at least one valid object.
WARNING: [Vivado 12-584] No ports matched 'SWITCHES[0]'. [C:/Users/14bmkelley/Desktop/cpe233/Exp7/cpu/Basys3_Master.xdc:14]
CRITICAL WARNING: [Common 17-55] 'set_property' expects at least one object. [C:/Users/14bmkelley/Desktop/cpe233/Exp7/cpu/Basys3_Master.xdc:14]
Resolution: If [get_<value>] was used to populate the object, check to make sure this command returns at least one valid object.
WARNING: [Vivado 12-584] No ports matched 'SWITCHES[1]'. [C:/Users/14bmkelley/Desktop/cpe233/Exp7/cpu/Basys3_Master.xdc:15]
CRITICAL WARNING: [Common 17-55] 'set_property' expects at least one object. [C:/Users/14bmkelley/Desktop/cpe233/Exp7/cpu/Basys3_Master.xdc:15]
Resolution: If [get_<value>] was used to populate the object, check to make sure this command returns at least one valid object.
WARNING: [Vivado 12-584] No ports matched 'SWITCHES[1]'. [C:/Users/14bmkelley/Desktop/cpe233/Exp7/cpu/Basys3_Master.xdc:16]
CRITICAL WARNING: [Common 17-55] 'set_property' expects at least one object. [C:/Users/14bmkelley/Desktop/cpe233/Exp7/cpu/Basys3_Master.xdc:16]
Resolution: If [get_<value>] was used to populate the object, check to make sure this command returns at least one valid object.
WARNING: [Vivado 12-584] No ports matched 'SWITCHES[2]'. [C:/Users/14bmkelley/Desktop/cpe233/Exp7/cpu/Basys3_Master.xdc:17]
CRITICAL WARNING: [Common 17-55] 'set_property' expects at least one object. [C:/Users/14bmkelley/Desktop/cpe233/Exp7/cpu/Basys3_Master.xdc:17]
Resolution: If [get_<value>] was used to populate the object, check to make sure this command returns at least one valid object.
WARNING: [Vivado 12-584] No ports matched 'SWITCHES[2]'. [C:/Users/14bmkelley/Desktop/cpe233/Exp7/cpu/Basys3_Master.xdc:18]
CRITICAL WARNING: [Common 17-55] 'set_property' expects at least one object. [C:/Users/14bmkelley/Desktop/cpe233/Exp7/cpu/Basys3_Master.xdc:18]
Resolution: If [get_<value>] was used to populate the object, check to make sure this command returns at least one valid object.
WARNING: [Vivado 12-584] No ports matched 'SWITCHES[3]'. [C:/Users/14bmkelley/Desktop/cpe233/Exp7/cpu/Basys3_Master.xdc:19]
CRITICAL WARNING: [Common 17-55] 'set_property' expects at least one object. [C:/Users/14bmkelley/Desktop/cpe233/Exp7/cpu/Basys3_Master.xdc:19]
Resolution: If [get_<value>] was used to populate the object, check to make sure this command returns at least one valid object.
WARNING: [Vivado 12-584] No ports matched 'SWITCHES[3]'. [C:/Users/14bmkelley/Desktop/cpe233/Exp7/cpu/Basys3_Master.xdc:20]
CRITICAL WARNING: [Common 17-55] 'set_property' expects at least one object. [C:/Users/14bmkelley/Desktop/cpe233/Exp7/cpu/Basys3_Master.xdc:20]
Resolution: If [get_<value>] was used to populate the object, check to make sure this command returns at least one valid object.
WARNING: [Vivado 12-584] No ports matched 'SWITCHES[4]'. [C:/Users/14bmkelley/Desktop/cpe233/Exp7/cpu/Basys3_Master.xdc:21]
CRITICAL WARNING: [Common 17-55] 'set_property' expects at least one object. [C:/Users/14bmkelley/Desktop/cpe233/Exp7/cpu/Basys3_Master.xdc:21]
Resolution: If [get_<value>] was used to populate the object, check to make sure this command returns at least one valid object.
WARNING: [Vivado 12-584] No ports matched 'SWITCHES[4]'. [C:/Users/14bmkelley/Desktop/cpe233/Exp7/cpu/Basys3_Master.xdc:22]
CRITICAL WARNING: [Common 17-55] 'set_property' expects at least one object. [C:/Users/14bmkelley/Desktop/cpe233/Exp7/cpu/Basys3_Master.xdc:22]
Resolution: If [get_<value>] was used to populate the object, check to make sure this command returns at least one valid object.
WARNING: [Vivado 12-584] No ports matched 'SWITCHES[5]'. [C:/Users/14bmkelley/Desktop/cpe233/Exp7/cpu/Basys3_Master.xdc:23]
CRITICAL WARNING: [Common 17-55] 'set_property' expects at least one object. [C:/Users/14bmkelley/Desktop/cpe233/Exp7/cpu/Basys3_Master.xdc:23]
Resolution: If [get_<value>] was used to populate the object, check to make sure this command returns at least one valid object.
WARNING: [Vivado 12-584] No ports matched 'SWITCHES[5]'. [C:/Users/14bmkelley/Desktop/cpe233/Exp7/cpu/Basys3_Master.xdc:24]
CRITICAL WARNING: [Common 17-55] 'set_property' expects at least one object. [C:/Users/14bmkelley/Desktop/cpe233/Exp7/cpu/Basys3_Master.xdc:24]
Resolution: If [get_<value>] was used to populate the object, check to make sure this command returns at least one valid object.
WARNING: [Vivado 12-584] No ports matched 'SWITCHES[6]'. [C:/Users/14bmkelley/Desktop/cpe233/Exp7/cpu/Basys3_Master.xdc:25]
CRITICAL WARNING: [Common 17-55] 'set_property' expects at least one object. [C:/Users/14bmkelley/Desktop/cpe233/Exp7/cpu/Basys3_Master.xdc:25]
Resolution: If [get_<value>] was used to populate the object, check to make sure this command returns at least one valid object.
WARNING: [Vivado 12-584] No ports matched 'SWITCHES[6]'. [C:/Users/14bmkelley/Desktop/cpe233/Exp7/cpu/Basys3_Master.xdc:26]
CRITICAL WARNING: [Common 17-55] 'set_property' expects at least one object. [C:/Users/14bmkelley/Desktop/cpe233/Exp7/cpu/Basys3_Master.xdc:26]
Resolution: If [get_<value>] was used to populate the object, check to make sure this command returns at least one valid object.
WARNING: [Vivado 12-584] No ports matched 'SWITCHES[7]'. [C:/Users/14bmkelley/Desktop/cpe233/Exp7/cpu/Basys3_Master.xdc:27]
CRITICAL WARNING: [Common 17-55] 'set_property' expects at least one object. [C:/Users/14bmkelley/Desktop/cpe233/Exp7/cpu/Basys3_Master.xdc:27]
Resolution: If [get_<value>] was used to populate the object, check to make sure this command returns at least one valid object.
WARNING: [Vivado 12-584] No ports matched 'SWITCHES[7]'. [C:/Users/14bmkelley/Desktop/cpe233/Exp7/cpu/Basys3_Master.xdc:28]
CRITICAL WARNING: [Common 17-55] 'set_property' expects at least one object. [C:/Users/14bmkelley/Desktop/cpe233/Exp7/cpu/Basys3_Master.xdc:28]
Resolution: If [get_<value>] was used to populate the object, check to make sure this command returns at least one valid object.
WARNING: [Vivado 12-584] No ports matched 'LEDS[0]'. [C:/Users/14bmkelley/Desktop/cpe233/Exp7/cpu/Basys3_Master.xdc:48]
CRITICAL WARNING: [Common 17-55] 'set_property' expects at least one object. [C:/Users/14bmkelley/Desktop/cpe233/Exp7/cpu/Basys3_Master.xdc:48]
Resolution: If [get_<value>] was used to populate the object, check to make sure this command returns at least one valid object.
WARNING: [Vivado 12-584] No ports matched 'LEDS[0]'. [C:/Users/14bmkelley/Desktop/cpe233/Exp7/cpu/Basys3_Master.xdc:49]
CRITICAL WARNING: [Common 17-55] 'set_property' expects at least one object. [C:/Users/14bmkelley/Desktop/cpe233/Exp7/cpu/Basys3_Master.xdc:49]
Resolution: If [get_<value>] was used to populate the object, check to make sure this command returns at least one valid object.
WARNING: [Vivado 12-584] No ports matched 'LEDS[1]'. [C:/Users/14bmkelley/Desktop/cpe233/Exp7/cpu/Basys3_Master.xdc:50]
CRITICAL WARNING: [Common 17-55] 'set_property' expects at least one object. [C:/Users/14bmkelley/Desktop/cpe233/Exp7/cpu/Basys3_Master.xdc:50]
Resolution: If [get_<value>] was used to populate the object, check to make sure this command returns at least one valid object.
WARNING: [Vivado 12-584] No ports matched 'LEDS[1]'. [C:/Users/14bmkelley/Desktop/cpe233/Exp7/cpu/Basys3_Master.xdc:51]
CRITICAL WARNING: [Common 17-55] 'set_property' expects at least one object. [C:/Users/14bmkelley/Desktop/cpe233/Exp7/cpu/Basys3_Master.xdc:51]
Resolution: If [get_<value>] was used to populate the object, check to make sure this command returns at least one valid object.
WARNING: [Vivado 12-584] No ports matched 'LEDS[2]'. [C:/Users/14bmkelley/Desktop/cpe233/Exp7/cpu/Basys3_Master.xdc:52]
CRITICAL WARNING: [Common 17-55] 'set_property' expects at least one object. [C:/Users/14bmkelley/Desktop/cpe233/Exp7/cpu/Basys3_Master.xdc:52]
Resolution: If [get_<value>] was used to populate the object, check to make sure this command returns at least one valid object.
WARNING: [Vivado 12-584] No ports matched 'LEDS[2]'. [C:/Users/14bmkelley/Desktop/cpe233/Exp7/cpu/Basys3_Master.xdc:53]
CRITICAL WARNING: [Common 17-55] 'set_property' expects at least one object. [C:/Users/14bmkelley/Desktop/cpe233/Exp7/cpu/Basys3_Master.xdc:53]
Resolution: If [get_<value>] was used to populate the object, check to make sure this command returns at least one valid object.
WARNING: [Vivado 12-584] No ports matched 'LEDS[3]'. [C:/Users/14bmkelley/Desktop/cpe233/Exp7/cpu/Basys3_Master.xdc:54]
CRITICAL WARNING: [Common 17-55] 'set_property' expects at least one object. [C:/Users/14bmkelley/Desktop/cpe233/Exp7/cpu/Basys3_Master.xdc:54]
Resolution: If [get_<value>] was used to populate the object, check to make sure this command returns at least one valid object.
WARNING: [Vivado 12-584] No ports matched 'LEDS[3]'. [C:/Users/14bmkelley/Desktop/cpe233/Exp7/cpu/Basys3_Master.xdc:55]
CRITICAL WARNING: [Common 17-55] 'set_property' expects at least one object. [C:/Users/14bmkelley/Desktop/cpe233/Exp7/cpu/Basys3_Master.xdc:55]
Resolution: If [get_<value>] was used to populate the object, check to make sure this command returns at least one valid object.
WARNING: [Vivado 12-584] No ports matched 'LEDS[4]'. [C:/Users/14bmkelley/Desktop/cpe233/Exp7/cpu/Basys3_Master.xdc:56]
CRITICAL WARNING: [Common 17-55] 'set_property' expects at least one object. [C:/Users/14bmkelley/Desktop/cpe233/Exp7/cpu/Basys3_Master.xdc:56]
Resolution: If [get_<value>] was used to populate the object, check to make sure this command returns at least one valid object.
WARNING: [Vivado 12-584] No ports matched 'LEDS[4]'. [C:/Users/14bmkelley/Desktop/cpe233/Exp7/cpu/Basys3_Master.xdc:57]
CRITICAL WARNING: [Common 17-55] 'set_property' expects at least one object. [C:/Users/14bmkelley/Desktop/cpe233/Exp7/cpu/Basys3_Master.xdc:57]
Resolution: If [get_<value>] was used to populate the object, check to make sure this command returns at least one valid object.
WARNING: [Vivado 12-584] No ports matched 'LEDS[5]'. [C:/Users/14bmkelley/Desktop/cpe233/Exp7/cpu/Basys3_Master.xdc:58]
CRITICAL WARNING: [Common 17-55] 'set_property' expects at least one object. [C:/Users/14bmkelley/Desktop/cpe233/Exp7/cpu/Basys3_Master.xdc:58]
Resolution: If [get_<value>] was used to populate the object, check to make sure this command returns at least one valid object.
WARNING: [Vivado 12-584] No ports matched 'LEDS[5]'. [C:/Users/14bmkelley/Desktop/cpe233/Exp7/cpu/Basys3_Master.xdc:59]
CRITICAL WARNING: [Common 17-55] 'set_property' expects at least one object. [C:/Users/14bmkelley/Desktop/cpe233/Exp7/cpu/Basys3_Master.xdc:59]
Resolution: If [get_<value>] was used to populate the object, check to make sure this command returns at least one valid object.
WARNING: [Vivado 12-584] No ports matched 'LEDS[6]'. [C:/Users/14bmkelley/Desktop/cpe233/Exp7/cpu/Basys3_Master.xdc:60]
CRITICAL WARNING: [Common 17-55] 'set_property' expects at least one object. [C:/Users/14bmkelley/Desktop/cpe233/Exp7/cpu/Basys3_Master.xdc:60]
Resolution: If [get_<value>] was used to populate the object, check to make sure this command returns at least one valid object.
WARNING: [Vivado 12-584] No ports matched 'LEDS[6]'. [C:/Users/14bmkelley/Desktop/cpe233/Exp7/cpu/Basys3_Master.xdc:61]
CRITICAL WARNING: [Common 17-55] 'set_property' expects at least one object. [C:/Users/14bmkelley/Desktop/cpe233/Exp7/cpu/Basys3_Master.xdc:61]
Resolution: If [get_<value>] was used to populate the object, check to make sure this command returns at least one valid object.
WARNING: [Vivado 12-584] No ports matched 'LEDS[7]'. [C:/Users/14bmkelley/Desktop/cpe233/Exp7/cpu/Basys3_Master.xdc:62]
CRITICAL WARNING: [Common 17-55] 'set_property' expects at least one object. [C:/Users/14bmkelley/Desktop/cpe233/Exp7/cpu/Basys3_Master.xdc:62]
Resolution: If [get_<value>] was used to populate the object, check to make sure this command returns at least one valid object.
WARNING: [Vivado 12-584] No ports matched 'LEDS[7]'. [C:/Users/14bmkelley/Desktop/cpe233/Exp7/cpu/Basys3_Master.xdc:63]
CRITICAL WARNING: [Common 17-55] 'set_property' expects at least one object. [C:/Users/14bmkelley/Desktop/cpe233/Exp7/cpu/Basys3_Master.xdc:63]
Resolution: If [get_<value>] was used to populate the object, check to make sure this command returns at least one valid object.
Finished Parsing XDC File [C:/Users/14bmkelley/Desktop/cpe233/Exp7/cpu/Basys3_Master.xdc]
INFO: [Project 1-236] Implementation specific constraints were found while reading constraint file [C:/Users/14bmkelley/Desktop/cpe233/Exp7/cpu/Basys3_Master.xdc]. These constraints will be ignored for synthesis but will be used in implementation. Impacted constraints are listed in the file [.Xil/StackPointer_propImpl.xdc].
Resolution: To avoid this warning, move constraints listed in [.Xil/StackPointer_propImpl.xdc] to another XDC file and exclude this new file from synthesis with the used_in_synthesis property (File Properties dialog in GUI) and re-run elaboration/synthesis.
No Unisim elements were transformed.
Constraint Validation Runtime : Time (s): cpu = 00:00:00 ; elapsed = 00:00:00 . Memory (MB): peak = 557.371 ; gain = 0.000
Finished Constraint Validation : Time (s): cpu = 00:00:12 ; elapsed = 00:00:13 . Memory (MB): peak = 557.371 ; gain = 386.340
Finished Loading Part and Timing Information : Time (s): cpu = 00:00:12 ; elapsed = 00:00:13 . Memory (MB): peak = 557.371 ; gain = 386.340
Finished applying 'set_property' XDC Constraints : Time (s): cpu = 00:00:12 ; elapsed = 00:00:13 . Memory (MB): peak = 557.371 ; gain = 386.340
Finished RTL Optimization Phase 2 : Time (s): cpu = 00:00:12 ; elapsed = 00:00:13 . Memory (MB): peak = 557.371 ; gain = 386.340
	   2 Input      8 Bit       Adders := 2     
	   2 Input      8 Bit        Muxes := 2     
	   2 Input      1 Bit        Muxes := 2     
Module StackPointer 
	   2 Input      8 Bit       Adders := 2     
	                8 Bit    Registers := 1     
	   2 Input      8 Bit        Muxes := 2     
	   2 Input      1 Bit        Muxes := 2     
Start Parallel Synthesis Optimization  : Time (s): cpu = 00:00:12 ; elapsed = 00:00:13 . Memory (MB): peak = 557.371 ; gain = 386.340
Finished Cross Boundary Optimization : Time (s): cpu = 00:00:12 ; elapsed = 00:00:13 . Memory (MB): peak = 557.371 ; gain = 386.340
Finished Parallel Reinference  : Time (s): cpu = 00:00:12 ; elapsed = 00:00:13 . Memory (MB): peak = 557.371 ; gain = 386.340
Finished Area Optimization : Time (s): cpu = 00:00:12 ; elapsed = 00:00:13 . Memory (MB): peak = 557.371 ; gain = 386.340
Finished Parallel Area Optimization  : Time (s): cpu = 00:00:12 ; elapsed = 00:00:13 . Memory (MB): peak = 557.371 ; gain = 386.340
Finished Applying XDC Timing Constraints : Time (s): cpu = 00:00:22 ; elapsed = 00:00:23 . Memory (MB): peak = 557.371 ; gain = 386.340
Finished Timing Optimization : Time (s): cpu = 00:00:22 ; elapsed = 00:00:23 . Memory (MB): peak = 565.348 ; gain = 394.316
Finished Parallel Timing Optimization  : Time (s): cpu = 00:00:22 ; elapsed = 00:00:23 . Memory (MB): peak = 565.348 ; gain = 394.316
Finished Parallel Synthesis Optimization  : Time (s): cpu = 00:00:22 ; elapsed = 00:00:23 . Memory (MB): peak = 565.348 ; gain = 394.316
Finished Technology Mapping : Time (s): cpu = 00:00:22 ; elapsed = 00:00:23 . Memory (MB): peak = 565.348 ; gain = 394.316
Finished IO Insertion : Time (s): cpu = 00:00:22 ; elapsed = 00:00:23 . Memory (MB): peak = 565.348 ; gain = 394.316
Finished Renaming Generated Instances : Time (s): cpu = 00:00:22 ; elapsed = 00:00:23 . Memory (MB): peak = 565.348 ; gain = 394.316
Finished Rebuilding User Hierarchy : Time (s): cpu = 00:00:22 ; elapsed = 00:00:23 . Memory (MB): peak = 565.348 ; gain = 394.316
Finished Renaming Generated Ports : Time (s): cpu = 00:00:22 ; elapsed = 00:00:23 . Memory (MB): peak = 565.348 ; gain = 394.316
Finished Handling Custom Attributes : Time (s): cpu = 00:00:22 ; elapsed = 00:00:23 . Memory (MB): peak = 565.348 ; gain = 394.316
Finished Renaming Generated Nets : Time (s): cpu = 00:00:22 ; elapsed = 00:00:23 . Memory (MB): peak = 565.348 ; gain = 394.316
+------+-----+------+
|      |Cell |Count |
+------+-----+------+
|1     |BUFG |     1|
|2     |LUT1 |     1|
|3     |LUT2 |     2|
|4     |LUT3 |     3|
|5     |LUT4 |     5|
|6     |LUT5 |     3|
|7     |LUT6 |     9|
|8     |FDCE |     8|
|9     |IBUF |    13|
|10    |OBUF |    16|
+------+-----+------+
+------+---------+-------+------+
|      |Instance |Module |Cells |
+------+---------+-------+------+
|1     |top      |       |    61|
+------+---------+-------+------+
---------------------------------------------------------------------------------
Finished Writing Synthesis Report : Time (s): cpu = 00:00:22 ; elapsed = 00:00:23 . Memory (MB): peak = 565.348 ; gain = 394.316
---------------------------------------------------------------------------------
Synthesis finished with 0 errors, 0 critical warnings and 0 warnings.
Synthesis Optimization Runtime : Time (s): cpu = 00:00:14 ; elapsed = 00:00:18 . Memory (MB): peak = 565.348 ; gain = 119.180
Synthesis Optimization Complete : Time (s): cpu = 00:00:23 ; elapsed = 00:00:24 . Memory (MB): peak = 565.348 ; gain = 394.316
INFO: [Netlist 29-17] Analyzing 13 Unisim elements for replacement
No Unisim elements were transformed.
INFO: [Common 17-83] Releasing license: Synthesis
14 Infos, 32 Warnings, 32 Critical Warnings and 0 Errors encountered.
synth_design failed
synth_design: Time (s): cpu = 00:00:21 ; elapsed = 00:00:22 . Memory (MB): peak = 565.348 ; gain = 378.598
report_utilization: Time (s): cpu = 00:00:00 ; elapsed = 00:00:00.031 . Memory (MB): peak = 565.348 ; gain = 0.000
INFO: [Common 17-206] Exiting Vivado at Wed Feb 17 11:49:10 2016...
