Copyright 1986-2015 Xilinx, Inc. All Rights Reserved.
------------------------------------------------------------------------------------
| Tool Version : Vivado v.2015.3 (win64) Build 1368829 Mon Sep 28 20:06:43 MDT 2015
| Date         : Fri Feb 19 10:45:33 2016
| Host         : brandon-pc running 64-bit major release  (build 9200)
| Command      : report_drc
------------------------------------------------------------------------------------

Report DRC

Table of Contents
-----------------
1. REPORT SUMMARY
2. REPORT DETAILS

1. REPORT SUMMARY
-----------------
            Netlist: netlist
          Floorplan: design_1
      Design limits: <entire design considered>
           Ruledeck: default
             Max violations: <unlimited>
             Violations found: 0

2. REPORT DETAILS
-----------------

